# JRE version: Java(TM) SE Runtime Environment (14.0.2+12) (build 14.0.2+12-46)
# Java VM: Java HotSpot(TM) 64-Bit Server VM (14.0.2+12-46, mixed mode, sharing, tiered, compressed oops, g1 gc, windows-amd64)
Heap:
 garbage-first heap   total 54272K, used 36334K [0x00000000c0000000, 0x0000000100000000)
  region size 1024K, 17 young (17408K), 1 survivors (1024K)
 Metaspace       used 23863K, capacity 25461K, committed 25724K, reserved 1073152K
  class space    used 2349K, capacity 2910K, committed 2940K, reserved 1048576K
GC Heap History (20 events):
Event: 83.715 GC heap before
{Heap before GC invocations=0 (full 0):
 garbage-first heap   total 65536K, used 12288K [0x00000000c0000000, 0x0000000100000000)
  region size 1024K, 13 young (13312K), 0 survivors (0K)
 Metaspace       used 4520K, capacity 5635K, committed 5760K, reserved 1056768K
  class space    used 434K, capacity 521K, committed 640K, reserved 1048576K
}
Event: 84.361 GC heap after
{Heap after GC invocations=1 (full 0):
 garbage-first heap   total 65536K, used 2632K [0x00000000c0000000, 0x0000000100000000)
  region size 1024K, 2 young (2048K), 2 survivors (2048K)
 Metaspace       used 4520K, capacity 5635K, committed 5760K, reserved 1056768K
  class space    used 434K, capacity 521K, committed 640K, reserved 1048576K
}
Event: 103.655 GC heap before
{Heap before GC invocations=1 (full 0):
 garbage-first heap   total 65536K, used 14920K [0x00000000c0000000, 0x0000000100000000)
  region size 1024K, 14 young (14336K), 2 survivors (2048K)
 Metaspace       used 9284K, capacity 9786K, committed 10112K, reserved 1058816K
  class space    used 927K, capacity 1078K, committed 1152K, reserved 1048576K
}
Event: 103.725 GC heap after
{Heap after GC invocations=2 (full 0):
 garbage-first heap   total 65536K, used 4265K [0x00000000c0000000, 0x0000000100000000)
  region size 1024K, 2 young (2048K), 2 survivors (2048K)
 Metaspace       used 9284K, capacity 9786K, committed 10112K, reserved 1058816K
  class space    used 927K, capacity 1078K, committed 1152K, reserved 1048576K
}
Event: 119.044 GC heap before
{Heap before GC invocations=2 (full 0):
 garbage-first heap   total 65536K, used 21673K [0x00000000c0000000, 0x0000000100000000)
  region size 1024K, 19 young (19456K), 2 survivors (2048K)
 Metaspace       used 13578K, capacity 14739K, committed 14848K, reserved 1062912K
  class space    used 1331K, capacity 1685K, committed 1792K, reserved 1048576K
}
Event: 119.072 GC heap after
{Heap after GC invocations=3 (full 0):
 garbage-first heap   total 65536K, used 8068K [0x00000000c0000000, 0x0000000100000000)
  region size 1024K, 3 young (3072K), 3 survivors (3072K)
 Metaspace       used 13578K, capacity 14739K, committed 14848K, reserved 1062912K
  class space    used 1331K, capacity 1685K, committed 1792K, reserved 1048576K
}
Event: 125.461 GC heap before
{Heap before GC invocations=3 (full 0):
 garbage-first heap   total 65536K, used 50052K [0x00000000c0000000, 0x0000000100000000)
  region size 1024K, 36 young (36864K), 3 survivors (3072K)
 Metaspace       used 16360K, capacity 18072K, committed 18432K, reserved 1064960K
  class space    used 1625K, capacity 2179K, committed 2304K, reserved 1048576K
}
Event: 125.502 GC heap after
{Heap after GC invocations=4 (full 0):
 garbage-first heap   total 65536K, used 10529K [0x00000000c0000000, 0x0000000100000000)
  region size 1024K, 3 young (3072K), 3 survivors (3072K)
 Metaspace       used 16360K, capacity 18072K, committed 18432K, reserved 1064960K
  class space    used 1625K, capacity 2179K, committed 2304K, reserved 1048576K
}
Event: 137.974 GC heap before
{Heap before GC invocations=4 (full 0):
 garbage-first heap   total 65536K, used 20769K [0x00000000c0000000, 0x0000000100000000)
  region size 1024K, 15 young (15360K), 3 survivors (3072K)
 Metaspace       used 19498K, capacity 21171K, committed 21248K, reserved 1069056K
  class space    used 1980K, capacity 2544K, committed 2560K, reserved 1048576K
}
Event: 138.025 GC heap after
{Heap after GC invocations=5 (full 0):
 garbage-first heap   total 65536K, used 11850K [0x00000000c0000000, 0x0000000100000000)
  region size 1024K, 4 young (4096K), 4 survivors (4096K)
 Metaspace       used 19498K, capacity 21171K, committed 21248K, reserved 1069056K
  class space    used 1980K, capacity 2544K, committed 2560K, reserved 1048576K
}
Event: 156.217 GC heap before
{Heap before GC invocations=6 (full 0):
 garbage-first heap   total 48128K, used 44618K [0x00000000c0000000, 0x0000000100000000)
  region size 1024K, 35 young (35840K), 4 survivors (4096K)
 Metaspace       used 22725K, capacity 24377K, committed 24572K, reserved 1071104K
  class space    used 2240K, capacity 2762K, committed 2812K, reserved 1048576K
}
Event: 156.261 GC heap after
{Heap after GC invocations=7 (full 0):
 garbage-first heap   total 54272K, used 15558K [0x00000000c0000000, 0x0000000100000000)
  region size 1024K, 5 young (5120K), 5 survivors (5120K)
 Metaspace       used 22725K, capacity 24377K, committed 24572K, reserved 1071104K
  class space    used 2240K, capacity 2762K, committed 2812K, reserved 1048576K
}
Event: 159.585 GC heap before
{Heap before GC invocations=8 (full 0):
 garbage-first heap   total 54272K, used 41158K [0x00000000c0000000, 0x0000000100000000)
  region size 1024K, 27 young (27648K), 5 survivors (5120K)
 Metaspace       used 23137K, capacity 24802K, committed 24956K, reserved 1071104K
  class space    used 2277K, capacity 2796K, committed 2940K, reserved 1048576K
}
Event: 159.602 GC heap after
{Heap after GC invocations=9 (full 0):
 garbage-first heap   total 54272K, used 20556K [0x00000000c0000000, 0x0000000100000000)
  region size 1024K, 4 young (4096K), 4 survivors (4096K)
 Metaspace       used 23137K, capacity 24802K, committed 24956K, reserved 1071104K
  class space    used 2277K, capacity 2796K, committed 2940K, reserved 1048576K
}
Event: 160.953 GC heap before
{Heap before GC invocations=9 (full 0):
 garbage-first heap   total 54272K, used 36940K [0x00000000c0000000, 0x0000000100000000)
  region size 1024K, 21 young (21504K), 4 survivors (4096K)
 Metaspace       used 23278K, capacity 24994K, committed 25212K, reserved 1071104K
  class space    used 2281K, capacity 2796K, committed 2940K, reserved 1048576K
}
Event: 160.965 GC heap after
{Heap after GC invocations=10 (full 0):
 garbage-first heap   total 54272K, used 20457K [0x00000000c0000000, 0x0000000100000000)
  region size 1024K, 3 young (3072K), 3 survivors (3072K)
 Metaspace       used 23278K, capacity 24994K, committed 25212K, reserved 1071104K
  class space    used 2281K, capacity 2796K, committed 2940K, reserved 1048576K
}
Event: 299.568 GC heap before
{Heap before GC invocations=10 (full 0):
 garbage-first heap   total 54272K, used 36841K [0x00000000c0000000, 0x0000000100000000)
  region size 1024K, 20 young (20480K), 3 survivors (3072K)
 Metaspace       used 23376K, capacity 25058K, committed 25212K, reserved 1071104K
  class space    used 2284K, capacity 2796K, committed 2940K, reserved 1048576K
}
Event: 299.598 GC heap after
{Heap after GC invocations=11 (full 0):
 garbage-first heap   total 54272K, used 21619K [0x00000000c0000000, 0x0000000100000000)
  region size 1024K, 2 young (2048K), 2 survivors (2048K)
 Metaspace       used 23376K, capacity 25058K, committed 25212K, reserved 1071104K
  class space    used 2284K, capacity 2796K, committed 2940K, reserved 1048576K
}
Event: 360.398 GC heap before
{Heap before GC invocations=11 (full 0):
 garbage-first heap   total 54272K, used 40051K [0x00000000c0000000, 0x0000000100000000)
  region size 1024K, 20 young (20480K), 2 survivors (2048K)
 Metaspace       used 23482K, capacity 25160K, committed 25468K, reserved 1071104K
  class space    used 2301K, capacity 2831K, committed 2940K, reserved 1048576K
}
Event: 360.417 GC heap after
{Heap after GC invocations=12 (full 0):
 garbage-first heap   total 54272K, used 20974K [0x00000000c0000000, 0x0000000100000000)
  region size 1024K, 1 young (1024K), 1 survivors (1024K)
 Metaspace       used 23482K, capacity 25160K, committed 25468K, reserved 1071104K
  class space    used 2301K, capacity 2831K, committed 2940K, reserved 1048576K
}

