# JRE version: Java(TM) SE Runtime Environment (14.0.2+12) (build 14.0.2+12-46)
# Java VM: Java HotSpot(TM) 64-Bit Server VM (14.0.2+12-46, mixed mode, sharing, tiered, compressed oops, g1 gc, windows-amd64)
Heap:
 garbage-first heap   total 54272K, used 37894K [0x00000000c0000000, 0x0000000100000000)
  region size 1024K, 17 young (17408K), 1 survivors (1024K)
 Metaspace       used 24054K, capacity 25751K, committed 25980K, reserved 1081344K
  class space    used 2335K, capacity 2876K, committed 2940K, reserved 1048576K
GC Heap History (20 events):
Event: 55.010 GC heap before
{Heap before GC invocations=0 (full 0):
 garbage-first heap   total 65536K, used 13312K [0x00000000c0000000, 0x0000000100000000)
  region size 1024K, 13 young (13312K), 0 survivors (0K)
 Metaspace       used 4525K, capacity 4755K, committed 4992K, reserved 1062912K
  class space    used 434K, capacity 521K, committed 640K, reserved 1048576K
}
Event: 55.649 GC heap after
{Heap after GC invocations=1 (full 0):
 garbage-first heap   total 65536K, used 2617K [0x00000000c0000000, 0x0000000100000000)
  region size 1024K, 2 young (2048K), 2 survivors (2048K)
 Metaspace       used 4525K, capacity 4755K, committed 4992K, reserved 1062912K
  class space    used 434K, capacity 521K, committed 640K, reserved 1048576K
}
Event: 59.099 GC heap before
{Heap before GC invocations=1 (full 0):
 garbage-first heap   total 65536K, used 8761K [0x00000000c0000000, 0x0000000100000000)
  region size 1024K, 9 young (9216K), 2 survivors (2048K)
 Metaspace       used 6461K, capacity 6692K, committed 6912K, reserved 1062912K
  class space    used 610K, capacity 697K, committed 768K, reserved 1048576K
}
Event: 59.109 GC heap after
{Heap after GC invocations=2 (full 0):
 garbage-first heap   total 65536K, used 3844K [0x00000000c0000000, 0x0000000100000000)
  region size 1024K, 2 young (2048K), 2 survivors (2048K)
 Metaspace       used 6461K, capacity 6692K, committed 6912K, reserved 1062912K
  class space    used 610K, capacity 697K, committed 768K, reserved 1048576K
}
Event: 80.327 GC heap before
{Heap before GC invocations=2 (full 0):
 garbage-first heap   total 65536K, used 18180K [0x00000000c0000000, 0x0000000100000000)
  region size 1024K, 17 young (17408K), 2 survivors (2048K)
 Metaspace       used 11763K, capacity 12668K, committed 12800K, reserved 1069056K
  class space    used 1155K, capacity 1460K, committed 1536K, reserved 1048576K
}
Event: 80.336 GC heap after
{Heap after GC invocations=3 (full 0):
 garbage-first heap   total 65536K, used 7109K [0x00000000c0000000, 0x0000000100000000)
  region size 1024K, 3 young (3072K), 3 survivors (3072K)
 Metaspace       used 11763K, capacity 12668K, committed 12800K, reserved 1069056K
  class space    used 1155K, capacity 1460K, committed 1536K, reserved 1048576K
}
Event: 90.682 GC heap before
{Heap before GC invocations=3 (full 0):
 garbage-first heap   total 65536K, used 46021K [0x00000000c0000000, 0x0000000100000000)
  region size 1024K, 38 young (38912K), 3 survivors (3072K)
 Metaspace       used 15446K, capacity 16744K, committed 16896K, reserved 1073152K
  class space    used 1500K, capacity 1945K, committed 2048K, reserved 1048576K
}
Event: 90.842 GC heap after
{Heap after GC invocations=4 (full 0):
 garbage-first heap   total 65536K, used 10054K [0x00000000c0000000, 0x0000000100000000)
  region size 1024K, 5 young (5120K), 5 survivors (5120K)
 Metaspace       used 15446K, capacity 16744K, committed 16896K, reserved 1073152K
  class space    used 1500K, capacity 1945K, committed 2048K, reserved 1048576K
}
Event: 109.556 GC heap before
{Heap before GC invocations=4 (full 0):
 garbage-first heap   total 65536K, used 30534K [0x00000000c0000000, 0x0000000100000000)
  region size 1024K, 22 young (22528K), 5 survivors (5120K)
 Metaspace       used 19514K, capacity 21184K, committed 21248K, reserved 1077248K
  class space    used 1984K, capacity 2544K, committed 2560K, reserved 1048576K
}
Event: 109.575 GC heap after
{Heap after GC invocations=5 (full 0):
 garbage-first heap   total 65536K, used 12392K [0x00000000c0000000, 0x0000000100000000)
  region size 1024K, 3 young (3072K), 3 survivors (3072K)
 Metaspace       used 19514K, capacity 21184K, committed 21248K, reserved 1077248K
  class space    used 1984K, capacity 2544K, committed 2560K, reserved 1048576K
}
Event: 113.748 GC heap before
{Heap before GC invocations=6 (full 0):
 garbage-first heap   total 51200K, used 46184K [0x00000000c0000000, 0x0000000100000000)
  region size 1024K, 35 young (35840K), 3 survivors (3072K)
 Metaspace       used 22196K, capacity 23872K, committed 24060K, reserved 1079296K
  class space    used 2175K, capacity 2713K, committed 2812K, reserved 1048576K
}
Event: 113.769 GC heap after
{Heap after GC invocations=7 (full 0):
 garbage-first heap   total 54272K, used 15865K [0x00000000c0000000, 0x0000000100000000)
  region size 1024K, 5 young (5120K), 5 survivors (5120K)
 Metaspace       used 22196K, capacity 23872K, committed 24060K, reserved 1079296K
  class space    used 2175K, capacity 2713K, committed 2812K, reserved 1048576K
}
Event: 135.710 GC heap before
{Heap before GC invocations=8 (full 0):
 garbage-first heap   total 54272K, used 40441K [0x00000000c0000000, 0x0000000100000000)
  region size 1024K, 28 young (28672K), 5 survivors (5120K)
 Metaspace       used 23144K, capacity 24878K, committed 25212K, reserved 1079296K
  class space    used 2274K, capacity 2796K, committed 2940K, reserved 1048576K
}
Event: 135.726 GC heap after
{Heap after GC invocations=9 (full 0):
 garbage-first heap   total 54272K, used 18909K [0x00000000c0000000, 0x0000000100000000)
  region size 1024K, 4 young (4096K), 4 survivors (4096K)
 Metaspace       used 23144K, capacity 24878K, committed 25212K, reserved 1079296K
  class space    used 2274K, capacity 2796K, committed 2940K, reserved 1048576K
}
Event: 139.262 GC heap before
{Heap before GC invocations=9 (full 0):
 garbage-first heap   total 54272K, used 39389K [0x00000000c0000000, 0x0000000100000000)
  region size 1024K, 23 young (23552K), 4 survivors (4096K)
 Metaspace       used 23239K, capacity 25006K, committed 25212K, reserved 1079296K
  class space    used 2274K, capacity 2796K, committed 2940K, reserved 1048576K
}
Event: 139.445 GC heap after
{Heap after GC invocations=10 (full 0):
 garbage-first heap   total 54272K, used 22160K [0x00000000c0000000, 0x0000000100000000)
  region size 1024K, 3 young (3072K), 3 survivors (3072K)
 Metaspace       used 23239K, capacity 25006K, committed 25212K, reserved 1079296K
  class space    used 2274K, capacity 2796K, committed 2940K, reserved 1048576K
}
Event: 217.384 GC heap before
{Heap before GC invocations=10 (full 0):
 garbage-first heap   total 54272K, used 38544K [0x00000000c0000000, 0x0000000100000000)
  region size 1024K, 20 young (20480K), 3 survivors (3072K)
 Metaspace       used 23612K, capacity 25305K, committed 25468K, reserved 1079296K
  class space    used 2288K, capacity 2831K, committed 2940K, reserved 1048576K
}
Event: 217.394 GC heap after
{Heap after GC invocations=11 (full 0):
 garbage-first heap   total 54272K, used 22887K [0x00000000c0000000, 0x0000000100000000)
  region size 1024K, 1 young (1024K), 1 survivors (1024K)
 Metaspace       used 23612K, capacity 25305K, committed 25468K, reserved 1079296K
  class space    used 2288K, capacity 2831K, committed 2940K, reserved 1048576K
}
Event: 265.241 GC heap before
{Heap before GC invocations=11 (full 0):
 garbage-first heap   total 54272K, used 40295K [0x00000000c0000000, 0x0000000100000000)
  region size 1024K, 18 young (18432K), 1 survivors (1024K)
 Metaspace       used 23796K, capacity 25471K, committed 25724K, reserved 1081344K
  class space    used 2310K, capacity 2866K, committed 2940K, reserved 1048576K
}
Event: 265.251 GC heap after
{Heap after GC invocations=12 (full 0):
 garbage-first heap   total 54272K, used 22534K [0x00000000c0000000, 0x0000000100000000)
  region size 1024K, 1 young (1024K), 1 survivors (1024K)
 Metaspace       used 23796K, capacity 25471K, committed 25724K, reserved 1081344K
  class space    used 2310K, capacity 2866K, committed 2940K, reserved 1048576K
}

